app/manifest-merger-release-report.txt
-- Merging decision tree log ---
manifest
ADDED from AndroidManifest.xml:2:1
	package
		ADDED from AndroidManifest.xml:3:5
		INJECTED from AndroidManifest.xml:0:0
		INJECTED from AndroidManifest.xml:0:0
	android:versionName
		INJECTED from AndroidManifest.xml:0:0
		INJECTED from AndroidManifest.xml:0:0
	xmlns:android
		ADDED from AndroidManifest.xml:2:11
	android:versionCode
		INJECTED from AndroidManifest.xml:0:0
		INJECTED from AndroidManifest.xml:0:0
uses-sdk
ADDED from AndroidManifest.xml:5:5
MERGED from com.getbase:floatingactionbutton:1.7.0:8:5
MERGED from com.doomonafireball.betterpickers:library:1.5.4:7:5
MERGED from org.jraf:android-switch-backport:1.4.0:31:5
MERGED from org.jraf:android-switch-backport:1.4.0:31:5
MERGED from net.danlew:android.joda:2.7.1:7:5
MERGED from DreamPlan.libraries:paralloid:unspecified:7:5
MERGED from com.android.support:support-v4:21.0.3:15:5
MERGED from DreamPlan.libraries:tablefixheaders:unspecified:7:5
MERGED from DreamPlan.libraries:AnimatedExpandableListView:unspecified:7:5
MERGED from com.android.support:appcompat-v7:21.0.3:15:5
MERGED from com.android.support:support-v4:21.0.3:15:5
	android:targetSdkVersion
		ADDED from AndroidManifest.xml:7:9
		INJECTED from AndroidManifest.xml:0:0
		INJECTED from AndroidManifest.xml:0:0
	android:minSdkVersion
		ADDED from AndroidManifest.xml:6:9
		INJECTED from AndroidManifest.xml:0:0
		INJECTED from AndroidManifest.xml:0:0
application
ADDED from AndroidManifest.xml:9:5
MERGED from com.getbase:floatingactionbutton:1.7.0:12:5
MERGED from org.jraf:android-switch-backport:1.4.0:35:5
MERGED from org.jraf:android-switch-backport:1.4.0:35:5
MERGED from net.danlew:android.joda:2.7.1:11:5
MERGED from DreamPlan.libraries:paralloid:unspecified:11:5
MERGED from com.android.support:support-v4:21.0.3:16:5
MERGED from DreamPlan.libraries:AnimatedExpandableListView:unspecified:11:5
MERGED from com.android.support:appcompat-v7:21.0.3:16:5
MERGED from com.android.support:support-v4:21.0.3:16:5
	android:label
		ADDED from AndroidManifest.xml:12:9
	android:allowBackup
		ADDED from AndroidManifest.xml:10:9
	android:icon
		ADDED from AndroidManifest.xml:11:9
	android:theme
		ADDED from AndroidManifest.xml:13:9
activity#com.nama_gatsuo.dreamplan.ProjectCardActivity
ADDED from AndroidManifest.xml:14:9
	android:label
		ADDED from AndroidManifest.xml:16:13
	android:name
		ADDED from AndroidManifest.xml:15:13
intent-filter#android.intent.action.MAIN+android.intent.category.LAUNCHER
ADDED from AndroidManifest.xml:17:13
action#android.intent.action.MAIN
ADDED from AndroidManifest.xml:18:17
	android:name
		ADDED from AndroidManifest.xml:18:25
category#android.intent.category.LAUNCHER
ADDED from AndroidManifest.xml:19:17
	android:name
		ADDED from AndroidManifest.xml:19:27
activity#com.nama_gatsuo.dreamplan.ShowProjectActivity
ADDED from AndroidManifest.xml:22:9
	android:label
		ADDED from AndroidManifest.xml:24:13
	android:name
		ADDED from AndroidManifest.xml:23:13
activity#com.nama_gatsuo.dreamplan.TaskEditActivity
ADDED from AndroidManifest.xml:26:9
	android:label
		ADDED from AndroidManifest.xml:28:13
	android:name
		ADDED from AndroidManifest.xml:27:13
activity#com.nama_gatsuo.dreamplan.SubtaskEditActivity
ADDED from AndroidManifest.xml:30:9
	android:label
		ADDED from AndroidManifest.xml:32:13
	android:name
		ADDED from AndroidManifest.xml:31:13
activity#com.nama_gatsuo.dreamplan.ProjectEditActivity
ADDED from AndroidManifest.xml:34:9
	android:label
		ADDED from AndroidManifest.xml:36:13
	android:name
		ADDED from AndroidManifest.xml:35:13
uses-permission#android.permission.VIBRATE
ADDED from com.doomonafireball.betterpickers:library:1.5.4:11:5
	android:name
		ADDED from com.doomonafireball.betterpickers:library:1.5.4:11:22